<?xml version="1.0" encoding="UTF-8"?>
<!-- Generated by org.testng.reporters.JUnitXMLReporter -->
<testsuite ignored="1" hostname="DESKTOP-A72PT11" failures="0" tests="4" name="Login" time="10.08" errors="0" timestamp="2023-03-16T09:49:20 IST">
  <testcase classname="com.itview.testng.LoginMutualFund" name="@BeforeTest preCondition_openBrowser" time="9.915">
    <failure type="org.openqa.selenium.SessionNotCreatedException" message="Could not start a new session. Response code 500. Message: unknown error: Chrome failed to start: exited normally.
  (unknown error: DevToolsActivePort file doesn&amp;apos;t exist)
  (The process started from chrome location C:\Program Files\Google\Chrome\Application\chrome.exe is no longer running, so ChromeDriver is assuming that Chrome has crashed.)
Build info: version: &amp;apos;4.3.0&amp;apos;, revision: &amp;apos;a4995e2c09*&amp;apos;
System info: host: &amp;apos;DESKTOP-A72PT11&amp;apos;, ip: &amp;apos;192.168.1.4&amp;apos;, os.name: &amp;apos;Windows 10&amp;apos;, os.arch: &amp;apos;amd64&amp;apos;, os.version: &amp;apos;10.0&amp;apos;, java.version: &amp;apos;17.0.5&amp;apos;
Driver info: org.openqa.selenium.chrome.ChromeDriver
Command: [null, newSession {capabilities=[Capabilities {browserName: chrome, goog:chromeOptions: {args: [], extensions: []}}], desiredCapabilities=Capabilities {browserName: chrome, goog:chromeOptions: {args: [], extensions: []}}}]">
      <![CDATA[org.openqa.selenium.SessionNotCreatedException: Could not start a new session. Response code 500. Message: unknown error: Chrome failed to start: exited normally.
  (unknown error: DevToolsActivePort file doesn't exist)
  (The process started from chrome location C:\Program Files\Google\Chrome\Application\chrome.exe is no longer running, so ChromeDriver is assuming that Chrome has crashed.)
Build info: version: '4.3.0', revision: 'a4995e2c09*'
System info: host: 'DESKTOP-A72PT11', ip: '192.168.1.4', os.name: 'Windows 10', os.arch: 'amd64', os.version: '10.0', java.version: '17.0.5'
Driver info: org.openqa.selenium.chrome.ChromeDriver
Command: [null, newSession {capabilities=[Capabilities {browserName: chrome, goog:chromeOptions: {args: [], extensions: []}}], desiredCapabilities=Capabilities {browserName: chrome, goog:chromeOptions: {args: [], extensions: []}}}]
at org.openqa.selenium.remote.ProtocolHandshake.createSession(ProtocolHandshake.java:144)
at org.openqa.selenium.remote.ProtocolHandshake.createSession(ProtocolHandshake.java:102)
at org.openqa.selenium.remote.ProtocolHandshake.createSession(ProtocolHandshake.java:67)
at org.openqa.selenium.remote.HttpCommandExecutor.execute(HttpCommandExecutor.java:156)
at org.openqa.selenium.remote.service.DriverCommandExecutor.invokeExecute(DriverCommandExecutor.java:167)
at org.openqa.selenium.remote.service.DriverCommandExecutor.execute(DriverCommandExecutor.java:142)
at org.openqa.selenium.remote.RemoteWebDriver.execute(RemoteWebDriver.java:569)
at org.openqa.selenium.remote.RemoteWebDriver.startSession(RemoteWebDriver.java:264)
at org.openqa.selenium.remote.RemoteWebDriver.<init>(RemoteWebDriver.java:179)
at org.openqa.selenium.chromium.ChromiumDriver.<init>(ChromiumDriver.java:101)
at org.openqa.selenium.chrome.ChromeDriver.<init>(ChromeDriver.java:81)
at org.openqa.selenium.chrome.ChromeDriver.<init>(ChromeDriver.java:49)
at com.itview.testng.LoginMutualFund.preCondition_openBrowser(LoginMutualFund.java:21)
... Removed 24 stack frames]]>
    </failure>
  </testcase> <!-- @BeforeTest preCondition_openBrowser -->
  <testcase classname="com.itview.testng.LoginOrangeHRM" name="@BeforeTest preCondition_openBrowser" time="-1.678940360795E9">
    <skipped/>
  </testcase> <!-- @BeforeTest preCondition_openBrowser -->
  <testcase classname="com.itview.testng.Altoro_mutual_Login" name="@AfterTest afterTest" time="-1.678940360915E9">
    <skipped/>
  </testcase> <!-- @AfterTest afterTest -->
  <testcase classname="com.itview.testng.LoginMutualFund" name="@AfterTest postCondition_closeBrowser" time="-1.678940360917E9">
    <skipped/>
  </testcase> <!-- @AfterTest postCondition_closeBrowser -->
  <testcase classname="com.itview.testng.LoginOrangeHRM" name="@AfterTest postCondition_closeBrowser" time="-1.678940360919E9">
    <skipped/>
  </testcase> <!-- @AfterTest postCondition_closeBrowser -->
  <testcase classname="com.itview.testng.LoginOrangeHRM" name="loginOrangeHRM" time="0.0">
    <skipped/>
  </testcase> <!-- loginOrangeHRM -->
  <testcase classname="com.itview.testng.LoginMutualFund" name="loginAdmin" time="0.0">
    <skipped/>
  </testcase> <!-- loginAdmin -->
  <testcase classname="com.itview.testng.LoginMutualFund" name="loginJsmith" time="0.0">
    <skipped/>
  </testcase> <!-- loginJsmith -->
  <testcase classname="com.itview.testng.Altoro_mutual_Login" name="f" time="0.0">
    <skipped/>
  </testcase> <!-- f -->
  <testcase classname="com.itview.testng.LoginMutualFund" name="loginTestUser" time="0.0">
    <ignored/>
  </testcase> <!-- loginTestUser -->
</testsuite> <!-- Login -->
